<?xml version="1.0" encoding="UTF-8"?>
<!-- Generated by org.testng.reporters.JUnitReportReporter -->
<testsuite skipped="0" hostname="LAPTOP-O4QKVNT6" name="com.capsulecrm.scripts.AccountSettingTest" tests="1" failures="0" timestamp="2020-10-22T14:15:48 IST" time="30.013" errors="0">
  <testcase name="verifyAccountSettings" time="30.013" classname="com.capsulecrm.scripts.AccountSettingTest"/>
  <system-out/>
</testsuite> <!-- com.capsulecrm.scripts.AccountSettingTest -->
